<?xml version="1.0" encoding="UTF-8"?>
<!-- Generated by org.testng.reporters.JUnitReportReporter -->
<testsuite hostname="DESKTOP-2K3DEDH" failures="0" tests="2" name="com.lp.qa.testcases.LoginPageTests" time="31.897" errors="0" timestamp="2021-02-24T00:50:18 GMT-05:00" skipped="0">
  <testcase classname="com.lp.qa.testcases.LoginPageTests" name="loginPageTitle" time="12.182"/>
  <system-out/>
  <testcase classname="com.lp.qa.testcases.LoginPageTests" name="logintest" time="19.715"/>
  <system-out>
User Name entered successfully!Hi Buddy Password entered successfully! User logged in Successully!  </system-out>
</testsuite> <!-- com.lp.qa.testcases.LoginPageTests -->
