<?xml version="1.0" encoding="UTF-8"?>
<!-- Generated by org.testng.reporters.JUnitReportReporter -->
<testsuite hostname="DESKTOP-2K3DEDH" failures="0" tests="3" name="com.lp.qa.testcases.EmailSend" time="0.008" errors="0" timestamp="2021-03-01T17:45:24 IST" skipped="0">
  <testcase classname="com.lp.qa.testcases.EmailSend" name="sendEmail2" time="0.001"/>
  <system-out/>
  <testcase classname="com.lp.qa.testcases.EmailSend" name="sendEmail1" time="0.006"/>
  <system-out/>
  <testcase classname="com.lp.qa.testcases.EmailSend" name="sendEmail3" time="0.001"/>
  <system-out/>
</testsuite> <!-- com.lp.qa.testcases.EmailSend -->
