<?xml version="1.0" encoding="UTF-8"?>
<!-- Generated by org.testng.reporters.JUnitReportReporter -->
<testsuite hostname="DESKTOP-2K3DEDH" failures="0" tests="1" name="com.lp.qa.testcases.HomePaymentsPageTests" time="16.104" errors="0" timestamp="2020-12-30T22:57:16 IST" skipped="0">
  <testcase classname="com.lp.qa.testcases.HomePaymentsPageTests" name="loginPageTitle" time="16.104"/>
  <system-out/>
</testsuite> <!-- com.lp.qa.testcases.HomePaymentsPageTests -->
